<?xml version="1.0" encoding="UTF-8"?>
<testng-results ignored="0" total="1" passed="1" failed="0" skipped="0">
  <reporter-output>
  </reporter-output>
  <suite started-at="2020-05-28T13:47:17 CST" name="Surefire suite" finished-at="2020-05-28T13:47:17 CST" duration-ms="241">
    <groups>
    </groups>
    <test started-at="2020-05-28T13:47:17 CST" name="Surefire test" finished-at="2020-05-28T13:47:17 CST" duration-ms="241">
      <class name="com.alexwishes.FirstTest">
        <test-method is-config="true" signature="beforeTest()[pri:0, instance:com.alexwishes.FirstTest@77b7ffa4]" started-at="2020-05-28T13:47:17 CST" name="beforeTest" finished-at="2020-05-28T13:47:17 CST" duration-ms="17" status="PASS">
          <reporter-output>
          </reporter-output>
        </test-method> <!-- beforeTest -->
        <test-method signature="f()[pri:0, instance:com.alexwishes.FirstTest@77b7ffa4]" started-at="2020-05-28T13:47:17 CST" name="f" finished-at="2020-05-28T13:47:17 CST" duration-ms="44" status="PASS">
          <reporter-output>
          </reporter-output>
        </test-method> <!-- f -->
        <test-method is-config="true" signature="afterTest()[pri:0, instance:com.alexwishes.FirstTest@77b7ffa4]" started-at="2020-05-28T13:47:17 CST" name="afterTest" finished-at="2020-05-28T13:47:17 CST" duration-ms="1" status="PASS">
          <reporter-output>
          </reporter-output>
        </test-method> <!-- afterTest -->
      </class> <!-- com.alexwishes.FirstTest -->
    </test> <!-- Surefire test -->
  </suite> <!-- Surefire suite -->
</testng-results>
